<?xml version="1.0" encoding="UTF-8" ?>
<testsuites disabled="0" errors="0" failures="3" tests="3" time="21.129">
 <testsuite name="Logon M4Nodejs Suite" timestamp="2020-03-04T10:22:43" hostname="localhost" time="21.129" errors="0" tests="3" skipped="0" disabled="0" failures="3">
  <testcase classname="Logon M4Nodejs Suite" name="Should create an instance" time="0.012">
   <failure type="toBeTruthy" message="Expected null to be truthy."><![CDATA[Error: Expected null to be truthy.
    at <Jasmine>
    at UserContext.<anonymous> (C:\M4CI_scripts\workshop_node\__tests__\m4node.spec.ts:16:26)
    at <Jasmine>]]>
   </failure>
  </testcase>
  <testcase classname="Logon M4Nodejs Suite" name="Should do logon" time="0.003">
   <failure type="exception" message="TypeError: Cannot read property &apos;logon&apos; of null"><![CDATA[at <Jasmine>
    at C:\M4CI_scripts\workshop_node\__tests__\m4node.spec.ts:20:46
    at step (C:\M4CI_scripts\workshop_node\__tests__\m4node.spec.ts:33:23)
    at Object.next (C:\M4CI_scripts\workshop_node\__tests__\m4node.spec.ts:14:53)
    at C:\M4CI_scripts\workshop_node\__tests__\m4node.spec.ts:8:71
    at <Jasmine>
    at __awaiter (C:\M4CI_scripts\workshop_node\__tests__\m4node.spec.ts:4:12)
    at UserContext.<anonymous> (C:\M4CI_scripts\workshop_node\__tests__\m4node.spec.ts:19:27)
    at <Jasmine>]]>
   </failure>
  </testcase>
  <testcase classname="Logon M4Nodejs Suite" name="Should load employee name" time="0.001">
   <failure type="exception" message="TypeError: Cannot read property &apos;createM4Object&apos; of null"><![CDATA[at <Jasmine>
    at C:\M4CI_scripts\workshop_node\__tests__\m4node.spec.ts:25:51
    at step (C:\M4CI_scripts\workshop_node\__tests__\m4node.spec.ts:33:23)
    at Object.next (C:\M4CI_scripts\workshop_node\__tests__\m4node.spec.ts:14:53)
    at C:\M4CI_scripts\workshop_node\__tests__\m4node.spec.ts:8:71
    at <Jasmine>
    at __awaiter (C:\M4CI_scripts\workshop_node\__tests__\m4node.spec.ts:4:12)
    at UserContext.<anonymous> (C:\M4CI_scripts\workshop_node\__tests__\m4node.spec.ts:24:37)
    at <Jasmine>]]>
   </failure>
  </testcase>
 </testsuite>
</testsuites>