<?xml version="1.0" encoding="UTF-8" ?>
<testsuites disabled="0" errors="0" failures="0" tests="3" time="2.765">
 <testsuite name="Logon M4Nodejs Suite Pila" timestamp="2020-03-04T11:07:25" hostname="localhost" time="2.765" errors="0" tests="3" skipped="0" disabled="0" failures="0">
  <testcase classname="Logon M4Nodejs Suite Pila" name="Should create an instance" time="0" />
  <testcase classname="Logon M4Nodejs Suite Pila" name="Should do logon" time="0.356" />
  <testcase classname="Logon M4Nodejs Suite Pila" name="Should execute Colombia Pila" time="2.183" />
 </testsuite>
</testsuites>