<?xml version="1.0" encoding="UTF-8" ?>
<testsuites disabled="0" errors="0" failures="0" tests="3" time="3.991">
 <testsuite name="Logon M4Nodejs Suite Pila" timestamp="2020-03-04T16:11:05" hostname="localhost" time="3.991" errors="0" tests="3" skipped="0" disabled="0" failures="0">
  <testcase classname="Logon M4Nodejs Suite Pila" name="Should create an instance" time="0.001" />
  <testcase classname="Logon M4Nodejs Suite Pila" name="Should do logon" time="0.348" />
  <testcase classname="Logon M4Nodejs Suite Pila" name="TipoCotizante NOT 23 for Planilla-E" time="3.439" />
 </testsuite>
</testsuites>