<?xml version="1.0" encoding="UTF-8" ?>
<testsuites disabled="0" errors="0" failures="0" tests="3" time="12.481">
 <testsuite name="Logon M4Nodejs Suite" timestamp="2020-03-03T14:37:10" hostname="localhost" time="12.481" errors="0" tests="3" skipped="0" disabled="0" failures="0">
  <testcase classname="Logon M4Nodejs Suite" name="Should create an instance" time="0.001" />
  <testcase classname="Logon M4Nodejs Suite" name="Should do logon" time="9.548" />
  <testcase classname="Logon M4Nodejs Suite" name="Should load employee name" time="2.685" />
 </testsuite>
</testsuites>