<?xml version="1.0" encoding="UTF-8" ?>
<testsuites disabled="0" errors="0" failures="1" tests="3" time="2.553">
 <testsuite name="Logon M4Nodejs Suite Pila" timestamp="2020-03-04T10:59:57" hostname="localhost" time="2.553" errors="0" tests="3" skipped="0" disabled="0" failures="1">
  <testcase classname="Logon M4Nodejs Suite Pila" name="Should create an instance" time="0" />
  <testcase classname="Logon M4Nodejs Suite Pila" name="Should do logon" time="0.364" />
  <testcase classname="Logon M4Nodejs Suite Pila" name="Should execute Colombia Pila" time="1.977">
   <failure type="exception" message="Error setting item &lt;SCB_P_FECHA_EFECTIVA&gt; value: Trying to assing a number value to an incompatible type: M4CL_M4_TYPE_TIMESTAMP thrown"><![CDATA[Error setting item <SCB_P_FECHA_EFECTIVA> value: Trying to assing a number value to an incompatible type: M4CL_M4_TYPE_TIMESTAMP thrown]]>
   </failure>
  </testcase>
 </testsuite>
</testsuites>