<?xml version="1.0" encoding="UTF-8" ?>
<testsuites disabled="0" errors="0" failures="0" tests="3" time="4.069">
 <testsuite name="Logon M4Nodejs Suite Pila" timestamp="2020-03-04T16:10:35" hostname="localhost" time="4.069" errors="0" tests="3" skipped="0" disabled="0" failures="0">
  <testcase classname="Logon M4Nodejs Suite Pila" name="Should create an instance" time="0.001" />
  <testcase classname="Logon M4Nodejs Suite Pila" name="Should do logon" time="0.344" />
  <testcase classname="Logon M4Nodejs Suite Pila" name="Tipo cotizante NOT 23 for Planilla E" time="3.51" />
 </testsuite>
</testsuites>