<?xml version="1.0" encoding="UTF-8" ?>
<testsuites disabled="0" errors="0" failures="0" tests="3" time="12.53">
 <testsuite name="Logon M4Nodejs Suite" timestamp="2020-03-03T15:59:27" hostname="localhost" time="12.53" errors="0" tests="3" skipped="0" disabled="0" failures="0">
  <testcase classname="Logon M4Nodejs Suite" name="Should create an instance" time="0.001" />
  <testcase classname="Logon M4Nodejs Suite" name="Should do logon" time="9.602" />
  <testcase classname="Logon M4Nodejs Suite" name="Should load employee name" time="2.67" />
 </testsuite>
</testsuites>