<?xml version="1.0" encoding="UTF-8" ?>
<testsuites disabled="0" errors="0" failures="34" tests="3" time="4.122">
 <testsuite name="Logon M4Nodejs Suite Pila" timestamp="2020-03-04T13:32:39" hostname="localhost" time="4.122" errors="0" tests="3" skipped="0" disabled="0" failures="34">
  <testcase classname="Logon M4Nodejs Suite Pila" name="Should create an instance" time="0" />
  <testcase classname="Logon M4Nodejs Suite Pila" name="Should do logon" time="0.342" />
  <testcase classname="Logon M4Nodejs Suite Pila" name="Should execute Colombia Pila" time="3.486">
   <failure type="toEqual" message="Expected &apos;01&apos; not to equal &apos;01&apos;."><![CDATA[Error: Expected '01' not to equal '01'.
    at <Jasmine>
    at C:\M4CI_scripts\workshop_node\__tests__\m4nodePila.spec.ts:37:62
    at step (C:\M4CI_scripts\workshop_node\__tests__\m4nodePila.spec.ts:33:23)
    at Object.next (C:\M4CI_scripts\workshop_node\__tests__\m4nodePila.spec.ts:14:53)
    at fulfilled (C:\M4CI_scripts\workshop_node\__tests__\m4nodePila.spec.ts:5:58)
    at processTicksAndRejections (internal/process/task_queues.js:97:5)]]>
   </failure>
   <failure type="toEqual" message="Expected &apos;01&apos; not to equal &apos;01&apos;."><![CDATA[Error: Expected '01' not to equal '01'.
    at <Jasmine>
    at C:\M4CI_scripts\workshop_node\__tests__\m4nodePila.spec.ts:37:62
    at step (C:\M4CI_scripts\workshop_node\__tests__\m4nodePila.spec.ts:33:23)
    at Object.next (C:\M4CI_scripts\workshop_node\__tests__\m4nodePila.spec.ts:14:53)
    at fulfilled (C:\M4CI_scripts\workshop_node\__tests__\m4nodePila.spec.ts:5:58)
    at processTicksAndRejections (internal/process/task_queues.js:97:5)]]>
   </failure>
   <failure type="toEqual" message="Expected &apos;01&apos; not to equal &apos;01&apos;."><![CDATA[Error: Expected '01' not to equal '01'.
    at <Jasmine>
    at C:\M4CI_scripts\workshop_node\__tests__\m4nodePila.spec.ts:37:62
    at step (C:\M4CI_scripts\workshop_node\__tests__\m4nodePila.spec.ts:33:23)
    at Object.next (C:\M4CI_scripts\workshop_node\__tests__\m4nodePila.spec.ts:14:53)
    at fulfilled (C:\M4CI_scripts\workshop_node\__tests__\m4nodePila.spec.ts:5:58)
    at processTicksAndRejections (internal/process/task_queues.js:97:5)]]>
   </failure>
   <failure type="toEqual" message="Expected &apos;01&apos; not to equal &apos;01&apos;."><![CDATA[Error: Expected '01' not to equal '01'.
    at <Jasmine>
    at C:\M4CI_scripts\workshop_node\__tests__\m4nodePila.spec.ts:37:62
    at step (C:\M4CI_scripts\workshop_node\__tests__\m4nodePila.spec.ts:33:23)
    at Object.next (C:\M4CI_scripts\workshop_node\__tests__\m4nodePila.spec.ts:14:53)
    at fulfilled (C:\M4CI_scripts\workshop_node\__tests__\m4nodePila.spec.ts:5:58)
    at processTicksAndRejections (internal/process/task_queues.js:97:5)]]>
   </failure>
   <failure type="toEqual" message="Expected &apos;01&apos; not to equal &apos;01&apos;."><![CDATA[Error: Expected '01' not to equal '01'.
    at <Jasmine>
    at C:\M4CI_scripts\workshop_node\__tests__\m4nodePila.spec.ts:37:62
    at step (C:\M4CI_scripts\workshop_node\__tests__\m4nodePila.spec.ts:33:23)
    at Object.next (C:\M4CI_scripts\workshop_node\__tests__\m4nodePila.spec.ts:14:53)
    at fulfilled (C:\M4CI_scripts\workshop_node\__tests__\m4nodePila.spec.ts:5:58)
    at processTicksAndRejections (internal/process/task_queues.js:97:5)]]>
   </failure>
   <failure type="toEqual" message="Expected &apos;01&apos; not to equal &apos;01&apos;."><![CDATA[Error: Expected '01' not to equal '01'.
    at <Jasmine>
    at C:\M4CI_scripts\workshop_node\__tests__\m4nodePila.spec.ts:37:62
    at step (C:\M4CI_scripts\workshop_node\__tests__\m4nodePila.spec.ts:33:23)
    at Object.next (C:\M4CI_scripts\workshop_node\__tests__\m4nodePila.spec.ts:14:53)
    at fulfilled (C:\M4CI_scripts\workshop_node\__tests__\m4nodePila.spec.ts:5:58)
    at processTicksAndRejections (internal/process/task_queues.js:97:5)]]>
   </failure>
   <failure type="toEqual" message="Expected &apos;01&apos; not to equal &apos;01&apos;."><![CDATA[Error: Expected '01' not to equal '01'.
    at <Jasmine>
    at C:\M4CI_scripts\workshop_node\__tests__\m4nodePila.spec.ts:37:62
    at step (C:\M4CI_scripts\workshop_node\__tests__\m4nodePila.spec.ts:33:23)
    at Object.next (C:\M4CI_scripts\workshop_node\__tests__\m4nodePila.spec.ts:14:53)
    at fulfilled (C:\M4CI_scripts\workshop_node\__tests__\m4nodePila.spec.ts:5:58)
    at processTicksAndRejections (internal/process/task_queues.js:97:5)]]>
   </failure>
   <failure type="toEqual" message="Expected &apos;01&apos; not to equal &apos;01&apos;."><![CDATA[Error: Expected '01' not to equal '01'.
    at <Jasmine>
    at C:\M4CI_scripts\workshop_node\__tests__\m4nodePila.spec.ts:37:62
    at step (C:\M4CI_scripts\workshop_node\__tests__\m4nodePila.spec.ts:33:23)
    at Object.next (C:\M4CI_scripts\workshop_node\__tests__\m4nodePila.spec.ts:14:53)
    at fulfilled (C:\M4CI_scripts\workshop_node\__tests__\m4nodePila.spec.ts:5:58)
    at processTicksAndRejections (internal/process/task_queues.js:97:5)]]>
   </failure>
   <failure type="toEqual" message="Expected &apos;01&apos; not to equal &apos;01&apos;."><![CDATA[Error: Expected '01' not to equal '01'.
    at <Jasmine>
    at C:\M4CI_scripts\workshop_node\__tests__\m4nodePila.spec.ts:37:62
    at step (C:\M4CI_scripts\workshop_node\__tests__\m4nodePila.spec.ts:33:23)
    at Object.next (C:\M4CI_scripts\workshop_node\__tests__\m4nodePila.spec.ts:14:53)
    at fulfilled (C:\M4CI_scripts\workshop_node\__tests__\m4nodePila.spec.ts:5:58)
    at processTicksAndRejections (internal/process/task_queues.js:97:5)]]>
   </failure>
   <failure type="toEqual" message="Expected &apos;01&apos; not to equal &apos;01&apos;."><![CDATA[Error: Expected '01' not to equal '01'.
    at <Jasmine>
    at C:\M4CI_scripts\workshop_node\__tests__\m4nodePila.spec.ts:37:62
    at step (C:\M4CI_scripts\workshop_node\__tests__\m4nodePila.spec.ts:33:23)
    at Object.next (C:\M4CI_scripts\workshop_node\__tests__\m4nodePila.spec.ts:14:53)
    at fulfilled (C:\M4CI_scripts\workshop_node\__tests__\m4nodePila.spec.ts:5:58)
    at processTicksAndRejections (internal/process/task_queues.js:97:5)]]>
   </failure>
   <failure type="toEqual" message="Expected &apos;01&apos; not to equal &apos;01&apos;."><![CDATA[Error: Expected '01' not to equal '01'.
    at <Jasmine>
    at C:\M4CI_scripts\workshop_node\__tests__\m4nodePila.spec.ts:37:62
    at step (C:\M4CI_scripts\workshop_node\__tests__\m4nodePila.spec.ts:33:23)
    at Object.next (C:\M4CI_scripts\workshop_node\__tests__\m4nodePila.spec.ts:14:53)
    at fulfilled (C:\M4CI_scripts\workshop_node\__tests__\m4nodePila.spec.ts:5:58)
    at processTicksAndRejections (internal/process/task_queues.js:97:5)]]>
   </failure>
   <failure type="toEqual" message="Expected &apos;01&apos; not to equal &apos;01&apos;."><![CDATA[Error: Expected '01' not to equal '01'.
    at <Jasmine>
    at C:\M4CI_scripts\workshop_node\__tests__\m4nodePila.spec.ts:37:62
    at step (C:\M4CI_scripts\workshop_node\__tests__\m4nodePila.spec.ts:33:23)
    at Object.next (C:\M4CI_scripts\workshop_node\__tests__\m4nodePila.spec.ts:14:53)
    at fulfilled (C:\M4CI_scripts\workshop_node\__tests__\m4nodePila.spec.ts:5:58)
    at processTicksAndRejections (internal/process/task_queues.js:97:5)]]>
   </failure>
   <failure type="toEqual" message="Expected &apos;01&apos; not to equal &apos;01&apos;."><![CDATA[Error: Expected '01' not to equal '01'.
    at <Jasmine>
    at C:\M4CI_scripts\workshop_node\__tests__\m4nodePila.spec.ts:37:62
    at step (C:\M4CI_scripts\workshop_node\__tests__\m4nodePila.spec.ts:33:23)
    at Object.next (C:\M4CI_scripts\workshop_node\__tests__\m4nodePila.spec.ts:14:53)
    at fulfilled (C:\M4CI_scripts\workshop_node\__tests__\m4nodePila.spec.ts:5:58)
    at processTicksAndRejections (internal/process/task_queues.js:97:5)]]>
   </failure>
   <failure type="toEqual" message="Expected &apos;01&apos; not to equal &apos;01&apos;."><![CDATA[Error: Expected '01' not to equal '01'.
    at <Jasmine>
    at C:\M4CI_scripts\workshop_node\__tests__\m4nodePila.spec.ts:37:62
    at step (C:\M4CI_scripts\workshop_node\__tests__\m4nodePila.spec.ts:33:23)
    at Object.next (C:\M4CI_scripts\workshop_node\__tests__\m4nodePila.spec.ts:14:53)
    at fulfilled (C:\M4CI_scripts\workshop_node\__tests__\m4nodePila.spec.ts:5:58)
    at processTicksAndRejections (internal/process/task_queues.js:97:5)]]>
   </failure>
   <failure type="toEqual" message="Expected &apos;01&apos; not to equal &apos;01&apos;."><![CDATA[Error: Expected '01' not to equal '01'.
    at <Jasmine>
    at C:\M4CI_scripts\workshop_node\__tests__\m4nodePila.spec.ts:37:62
    at step (C:\M4CI_scripts\workshop_node\__tests__\m4nodePila.spec.ts:33:23)
    at Object.next (C:\M4CI_scripts\workshop_node\__tests__\m4nodePila.spec.ts:14:53)
    at fulfilled (C:\M4CI_scripts\workshop_node\__tests__\m4nodePila.spec.ts:5:58)
    at processTicksAndRejections (internal/process/task_queues.js:97:5)]]>
   </failure>
   <failure type="toEqual" message="Expected &apos;01&apos; not to equal &apos;01&apos;."><![CDATA[Error: Expected '01' not to equal '01'.
    at <Jasmine>
    at C:\M4CI_scripts\workshop_node\__tests__\m4nodePila.spec.ts:37:62
    at step (C:\M4CI_scripts\workshop_node\__tests__\m4nodePila.spec.ts:33:23)
    at Object.next (C:\M4CI_scripts\workshop_node\__tests__\m4nodePila.spec.ts:14:53)
    at fulfilled (C:\M4CI_scripts\workshop_node\__tests__\m4nodePila.spec.ts:5:58)
    at processTicksAndRejections (internal/process/task_queues.js:97:5)]]>
   </failure>
   <failure type="toEqual" message="Expected &apos;01&apos; not to equal &apos;01&apos;."><![CDATA[Error: Expected '01' not to equal '01'.
    at <Jasmine>
    at C:\M4CI_scripts\workshop_node\__tests__\m4nodePila.spec.ts:37:62
    at step (C:\M4CI_scripts\workshop_node\__tests__\m4nodePila.spec.ts:33:23)
    at Object.next (C:\M4CI_scripts\workshop_node\__tests__\m4nodePila.spec.ts:14:53)
    at fulfilled (C:\M4CI_scripts\workshop_node\__tests__\m4nodePila.spec.ts:5:58)
    at processTicksAndRejections (internal/process/task_queues.js:97:5)]]>
   </failure>
   <failure type="toEqual" message="Expected &apos;01&apos; not to equal &apos;01&apos;."><![CDATA[Error: Expected '01' not to equal '01'.
    at <Jasmine>
    at C:\M4CI_scripts\workshop_node\__tests__\m4nodePila.spec.ts:37:62
    at step (C:\M4CI_scripts\workshop_node\__tests__\m4nodePila.spec.ts:33:23)
    at Object.next (C:\M4CI_scripts\workshop_node\__tests__\m4nodePila.spec.ts:14:53)
    at fulfilled (C:\M4CI_scripts\workshop_node\__tests__\m4nodePila.spec.ts:5:58)
    at processTicksAndRejections (internal/process/task_queues.js:97:5)]]>
   </failure>
   <failure type="toEqual" message="Expected &apos;01&apos; not to equal &apos;01&apos;."><![CDATA[Error: Expected '01' not to equal '01'.
    at <Jasmine>
    at C:\M4CI_scripts\workshop_node\__tests__\m4nodePila.spec.ts:37:62
    at step (C:\M4CI_scripts\workshop_node\__tests__\m4nodePila.spec.ts:33:23)
    at Object.next (C:\M4CI_scripts\workshop_node\__tests__\m4nodePila.spec.ts:14:53)
    at fulfilled (C:\M4CI_scripts\workshop_node\__tests__\m4nodePila.spec.ts:5:58)
    at processTicksAndRejections (internal/process/task_queues.js:97:5)]]>
   </failure>
   <failure type="toEqual" message="Expected &apos;01&apos; not to equal &apos;01&apos;."><![CDATA[Error: Expected '01' not to equal '01'.
    at <Jasmine>
    at C:\M4CI_scripts\workshop_node\__tests__\m4nodePila.spec.ts:37:62
    at step (C:\M4CI_scripts\workshop_node\__tests__\m4nodePila.spec.ts:33:23)
    at Object.next (C:\M4CI_scripts\workshop_node\__tests__\m4nodePila.spec.ts:14:53)
    at fulfilled (C:\M4CI_scripts\workshop_node\__tests__\m4nodePila.spec.ts:5:58)
    at processTicksAndRejections (internal/process/task_queues.js:97:5)]]>
   </failure>
   <failure type="toEqual" message="Expected &apos;01&apos; not to equal &apos;01&apos;."><![CDATA[Error: Expected '01' not to equal '01'.
    at <Jasmine>
    at C:\M4CI_scripts\workshop_node\__tests__\m4nodePila.spec.ts:37:62
    at step (C:\M4CI_scripts\workshop_node\__tests__\m4nodePila.spec.ts:33:23)
    at Object.next (C:\M4CI_scripts\workshop_node\__tests__\m4nodePila.spec.ts:14:53)
    at fulfilled (C:\M4CI_scripts\workshop_node\__tests__\m4nodePila.spec.ts:5:58)
    at processTicksAndRejections (internal/process/task_queues.js:97:5)]]>
   </failure>
   <failure type="toEqual" message="Expected &apos;01&apos; not to equal &apos;01&apos;."><![CDATA[Error: Expected '01' not to equal '01'.
    at <Jasmine>
    at C:\M4CI_scripts\workshop_node\__tests__\m4nodePila.spec.ts:37:62
    at step (C:\M4CI_scripts\workshop_node\__tests__\m4nodePila.spec.ts:33:23)
    at Object.next (C:\M4CI_scripts\workshop_node\__tests__\m4nodePila.spec.ts:14:53)
    at fulfilled (C:\M4CI_scripts\workshop_node\__tests__\m4nodePila.spec.ts:5:58)
    at processTicksAndRejections (internal/process/task_queues.js:97:5)]]>
   </failure>
   <failure type="toEqual" message="Expected &apos;01&apos; not to equal &apos;01&apos;."><![CDATA[Error: Expected '01' not to equal '01'.
    at <Jasmine>
    at C:\M4CI_scripts\workshop_node\__tests__\m4nodePila.spec.ts:37:62
    at step (C:\M4CI_scripts\workshop_node\__tests__\m4nodePila.spec.ts:33:23)
    at Object.next (C:\M4CI_scripts\workshop_node\__tests__\m4nodePila.spec.ts:14:53)
    at fulfilled (C:\M4CI_scripts\workshop_node\__tests__\m4nodePila.spec.ts:5:58)
    at processTicksAndRejections (internal/process/task_queues.js:97:5)]]>
   </failure>
   <failure type="toEqual" message="Expected &apos;01&apos; not to equal &apos;01&apos;."><![CDATA[Error: Expected '01' not to equal '01'.
    at <Jasmine>
    at C:\M4CI_scripts\workshop_node\__tests__\m4nodePila.spec.ts:37:62
    at step (C:\M4CI_scripts\workshop_node\__tests__\m4nodePila.spec.ts:33:23)
    at Object.next (C:\M4CI_scripts\workshop_node\__tests__\m4nodePila.spec.ts:14:53)
    at fulfilled (C:\M4CI_scripts\workshop_node\__tests__\m4nodePila.spec.ts:5:58)
    at processTicksAndRejections (internal/process/task_queues.js:97:5)]]>
   </failure>
   <failure type="toEqual" message="Expected &apos;01&apos; not to equal &apos;01&apos;."><![CDATA[Error: Expected '01' not to equal '01'.
    at <Jasmine>
    at C:\M4CI_scripts\workshop_node\__tests__\m4nodePila.spec.ts:37:62
    at step (C:\M4CI_scripts\workshop_node\__tests__\m4nodePila.spec.ts:33:23)
    at Object.next (C:\M4CI_scripts\workshop_node\__tests__\m4nodePila.spec.ts:14:53)
    at fulfilled (C:\M4CI_scripts\workshop_node\__tests__\m4nodePila.spec.ts:5:58)
    at processTicksAndRejections (internal/process/task_queues.js:97:5)]]>
   </failure>
   <failure type="toEqual" message="Expected &apos;01&apos; not to equal &apos;01&apos;."><![CDATA[Error: Expected '01' not to equal '01'.
    at <Jasmine>
    at C:\M4CI_scripts\workshop_node\__tests__\m4nodePila.spec.ts:37:62
    at step (C:\M4CI_scripts\workshop_node\__tests__\m4nodePila.spec.ts:33:23)
    at Object.next (C:\M4CI_scripts\workshop_node\__tests__\m4nodePila.spec.ts:14:53)
    at fulfilled (C:\M4CI_scripts\workshop_node\__tests__\m4nodePila.spec.ts:5:58)
    at processTicksAndRejections (internal/process/task_queues.js:97:5)]]>
   </failure>
   <failure type="toEqual" message="Expected &apos;01&apos; not to equal &apos;01&apos;."><![CDATA[Error: Expected '01' not to equal '01'.
    at <Jasmine>
    at C:\M4CI_scripts\workshop_node\__tests__\m4nodePila.spec.ts:37:62
    at step (C:\M4CI_scripts\workshop_node\__tests__\m4nodePila.spec.ts:33:23)
    at Object.next (C:\M4CI_scripts\workshop_node\__tests__\m4nodePila.spec.ts:14:53)
    at fulfilled (C:\M4CI_scripts\workshop_node\__tests__\m4nodePila.spec.ts:5:58)
    at processTicksAndRejections (internal/process/task_queues.js:97:5)]]>
   </failure>
   <failure type="toEqual" message="Expected &apos;01&apos; not to equal &apos;01&apos;."><![CDATA[Error: Expected '01' not to equal '01'.
    at <Jasmine>
    at C:\M4CI_scripts\workshop_node\__tests__\m4nodePila.spec.ts:37:62
    at step (C:\M4CI_scripts\workshop_node\__tests__\m4nodePila.spec.ts:33:23)
    at Object.next (C:\M4CI_scripts\workshop_node\__tests__\m4nodePila.spec.ts:14:53)
    at fulfilled (C:\M4CI_scripts\workshop_node\__tests__\m4nodePila.spec.ts:5:58)
    at processTicksAndRejections (internal/process/task_queues.js:97:5)]]>
   </failure>
   <failure type="toEqual" message="Expected &apos;01&apos; not to equal &apos;01&apos;."><![CDATA[Error: Expected '01' not to equal '01'.
    at <Jasmine>
    at C:\M4CI_scripts\workshop_node\__tests__\m4nodePila.spec.ts:37:62
    at step (C:\M4CI_scripts\workshop_node\__tests__\m4nodePila.spec.ts:33:23)
    at Object.next (C:\M4CI_scripts\workshop_node\__tests__\m4nodePila.spec.ts:14:53)
    at fulfilled (C:\M4CI_scripts\workshop_node\__tests__\m4nodePila.spec.ts:5:58)
    at processTicksAndRejections (internal/process/task_queues.js:97:5)]]>
   </failure>
   <failure type="toEqual" message="Expected &apos;01&apos; not to equal &apos;01&apos;."><![CDATA[Error: Expected '01' not to equal '01'.
    at <Jasmine>
    at C:\M4CI_scripts\workshop_node\__tests__\m4nodePila.spec.ts:37:62
    at step (C:\M4CI_scripts\workshop_node\__tests__\m4nodePila.spec.ts:33:23)
    at Object.next (C:\M4CI_scripts\workshop_node\__tests__\m4nodePila.spec.ts:14:53)
    at fulfilled (C:\M4CI_scripts\workshop_node\__tests__\m4nodePila.spec.ts:5:58)
    at processTicksAndRejections (internal/process/task_queues.js:97:5)]]>
   </failure>
   <failure type="toEqual" message="Expected &apos;01&apos; not to equal &apos;01&apos;."><![CDATA[Error: Expected '01' not to equal '01'.
    at <Jasmine>
    at C:\M4CI_scripts\workshop_node\__tests__\m4nodePila.spec.ts:37:62
    at step (C:\M4CI_scripts\workshop_node\__tests__\m4nodePila.spec.ts:33:23)
    at Object.next (C:\M4CI_scripts\workshop_node\__tests__\m4nodePila.spec.ts:14:53)
    at fulfilled (C:\M4CI_scripts\workshop_node\__tests__\m4nodePila.spec.ts:5:58)
    at processTicksAndRejections (internal/process/task_queues.js:97:5)]]>
   </failure>
   <failure type="toEqual" message="Expected &apos;01&apos; not to equal &apos;01&apos;."><![CDATA[Error: Expected '01' not to equal '01'.
    at <Jasmine>
    at C:\M4CI_scripts\workshop_node\__tests__\m4nodePila.spec.ts:37:62
    at step (C:\M4CI_scripts\workshop_node\__tests__\m4nodePila.spec.ts:33:23)
    at Object.next (C:\M4CI_scripts\workshop_node\__tests__\m4nodePila.spec.ts:14:53)
    at fulfilled (C:\M4CI_scripts\workshop_node\__tests__\m4nodePila.spec.ts:5:58)
    at processTicksAndRejections (internal/process/task_queues.js:97:5)]]>
   </failure>
   <failure type="toEqual" message="Expected &apos;01&apos; not to equal &apos;01&apos;."><![CDATA[Error: Expected '01' not to equal '01'.
    at <Jasmine>
    at C:\M4CI_scripts\workshop_node\__tests__\m4nodePila.spec.ts:37:62
    at step (C:\M4CI_scripts\workshop_node\__tests__\m4nodePila.spec.ts:33:23)
    at Object.next (C:\M4CI_scripts\workshop_node\__tests__\m4nodePila.spec.ts:14:53)
    at fulfilled (C:\M4CI_scripts\workshop_node\__tests__\m4nodePila.spec.ts:5:58)
    at processTicksAndRejections (internal/process/task_queues.js:97:5)]]>
   </failure>
   <failure type="toEqual" message="Expected &apos;01&apos; not to equal &apos;01&apos;."><![CDATA[Error: Expected '01' not to equal '01'.
    at <Jasmine>
    at C:\M4CI_scripts\workshop_node\__tests__\m4nodePila.spec.ts:37:62
    at step (C:\M4CI_scripts\workshop_node\__tests__\m4nodePila.spec.ts:33:23)
    at Object.next (C:\M4CI_scripts\workshop_node\__tests__\m4nodePila.spec.ts:14:53)
    at fulfilled (C:\M4CI_scripts\workshop_node\__tests__\m4nodePila.spec.ts:5:58)
    at processTicksAndRejections (internal/process/task_queues.js:97:5)]]>
   </failure>
  </testcase>
 </testsuite>
</testsuites>