<?xml version="1.0" encoding="UTF-8" ?>
<testsuites disabled="0" errors="0" failures="1" tests="1" time="0.298">
 <testsuite name="Logon M4Nodejs Suite" timestamp="2020-03-03T12:18:13" hostname="localhost" time="0.298" errors="0" tests="1" skipped="0" disabled="0" failures="1">
  <testcase classname="Logon M4Nodejs Suite" name="Should do logon" time="0.036">
   <failure type="exception" message="TypeError: m4LogonResult.getToken is not a function"><![CDATA[at <Jasmine>
    at C:\M4CI_scripts\workshop_node\__tests__\m4node.spec.ts:16:30
    at step (C:\M4CI_scripts\workshop_node\__tests__\m4node.spec.ts:33:23)
    at Object.next (C:\M4CI_scripts\workshop_node\__tests__\m4node.spec.ts:14:53)
    at C:\M4CI_scripts\workshop_node\__tests__\m4node.spec.ts:8:71
    at <Jasmine>
    at __awaiter (C:\M4CI_scripts\workshop_node\__tests__\m4node.spec.ts:4:12)
    at UserContext.<anonymous> (C:\M4CI_scripts\workshop_node\__tests__\m4node.spec.ts:14:27)
    at <Jasmine>]]>
   </failure>
  </testcase>
 </testsuite>
</testsuites>