<?xml version="1.0" encoding="UTF-8" ?>
<testsuites disabled="0" errors="0" failures="0" tests="3" time="4.154">
 <testsuite name="Logon M4Nodejs Suite Pila" timestamp="2020-03-04T12:07:57" hostname="localhost" time="4.154" errors="0" tests="3" skipped="0" disabled="0" failures="0">
  <testcase classname="Logon M4Nodejs Suite Pila" name="Should create an instance" time="0.001" />
  <testcase classname="Logon M4Nodejs Suite Pila" name="Should do logon" time="0.359" />
  <testcase classname="Logon M4Nodejs Suite Pila" name="Should execute Colombia Pila" time="3.587" />
 </testsuite>
</testsuites>