<?xml version="1.0" encoding="UTF-8" ?>
<testsuites disabled="0" errors="0" failures="0" tests="3" time="30.062">
 <testsuite name="Logon M4Nodejs Suite" timestamp="2020-03-03T12:57:17" hostname="localhost" time="30.062" errors="0" tests="3" skipped="0" disabled="0" failures="0">
  <testcase classname="Logon M4Nodejs Suite" name="Should create an instance" time="0.001" />
  <testcase classname="Logon M4Nodejs Suite" name="Should do logon" time="9.578" />
  <testcase classname="Logon M4Nodejs Suite" name="Should load employee name" time="20.227" />
 </testsuite>
</testsuites>