<?xml version="1.0" encoding="UTF-8" ?>
<testsuites disabled="0" errors="0" failures="1" tests="3" time="0.641">
 <testsuite name="Logon M4Nodejs Suite" timestamp="2020-03-03T12:58:06" hostname="localhost" time="0.641" errors="0" tests="3" skipped="0" disabled="0" failures="1">
  <testcase classname="Logon M4Nodejs Suite" name="Should create an instance" time="0.001" />
  <testcase classname="Logon M4Nodejs Suite" name="Should do logon" time="0.354" />
  <testcase classname="Logon M4Nodejs Suite" name="Should load employee name" time="0.076">
   <failure type="exception" message="[object Object] thrown"><![CDATA[[object Object] thrown]]>
   </failure>
  </testcase>
 </testsuite>
</testsuites>