<?xml version="1.0" encoding="UTF-8" ?>
<testsuites disabled="0" errors="0" failures="0" tests="3" time="0.055">
 <testsuite name="Cotización M4Nodejs Pila Suite" timestamp="2020-04-08T15:41:26" hostname="localhost" time="0.055" errors="0" tests="3" skipped="0" disabled="0" failures="0">
  <testcase classname="Cotización M4Nodejs Pila Suite" name="Should create an instance" time="0.001" />
  <testcase classname="Cotización M4Nodejs Pila Suite" name="Should do logon" time="0" />
  <testcase classname="Cotización M4Nodejs Pila Suite" name="TipoCotizante NOT 23 for Planilla-E" time="0" />
 </testsuite>
</testsuites>