<?xml version="1.0" encoding="UTF-8" ?>
<testsuites disabled="0" errors="0" failures="0" tests="2" time="34.247">
 <testsuite name="Cotización M4Nodejs Pila Suite" timestamp="2020-04-08T13:45:06" hostname="localhost" time="34.247" errors="0" tests="2" skipped="0" disabled="0" failures="0">
  <testcase classname="Cotización M4Nodejs Pila Suite" name="Should do logon" time="0.387" />
  <testcase classname="Cotización M4Nodejs Pila Suite" name="TipoCotizante NOT 23 for Planilla-E" time="3.842" />
 </testsuite>
</testsuites>