<?xml version="1.0" encoding="UTF-8" ?>
<testsuites disabled="0" errors="0" failures="0" tests="3" time="34.286">
 <testsuite name="Cotización M4Nodejs Pila Suite" timestamp="2020-04-08T15:31:51" hostname="localhost" time="34.286" errors="0" tests="3" skipped="0" disabled="0" failures="0">
  <testcase classname="Cotización M4Nodejs Pila Suite" name="Should create an instance" time="0.004" />
  <testcase classname="Cotización M4Nodejs Pila Suite" name="Should do logon" time="0.38" />
  <testcase classname="Cotización M4Nodejs Pila Suite" name="TipoCotizante NOT 23 for Planilla-E" time="3.869" />
 </testsuite>
</testsuites>