<?xml version="1.0" encoding="UTF-8" ?>
<testsuites disabled="0" errors="0" failures="0" tests="3" time="34.071">
 <testsuite name="Cotización M4Nodejs Pila Suite EXAMPLE" timestamp="2020-04-07T12:59:01" hostname="localhost" time="34.071" errors="0" tests="3" skipped="0" disabled="0" failures="0">
  <testcase classname="Cotización M4Nodejs Pila Suite EXAMPLE" name="Should create an instance" time="0.003" />
  <testcase classname="Cotización M4Nodejs Pila Suite EXAMPLE" name="Should do logon" time="0.411" />
  <testcase classname="Cotización M4Nodejs Pila Suite EXAMPLE" name="TipoCotizante NOT 23 for Planilla-E" time="3.632" />
 </testsuite>
</testsuites>