<?xml version="1.0" encoding="UTF-8" ?>
<testsuites disabled="0" errors="0" failures="0" tests="2" time="30.401">
 <testsuite name="Cotización M4Nodejs Pila Suite" timestamp="2020-08-28T13:24:22" hostname="localhost" time="30.401" errors="0" tests="2" skipped="0" disabled="0" failures="0">
  <testcase classname="Cotización M4Nodejs Pila Suite" name="Should create an instance" time="0.003" />
  <testcase classname="Cotización M4Nodejs Pila Suite" name="Should do logon" time="0.38" />
 </testsuite>
</testsuites>