<?xml version="1.0" encoding="UTF-8" ?>
<testsuites disabled="0" errors="0" failures="0" tests="3" time="4.394">
 <testsuite name="Cotización M4Nodejs Pila Suite" timestamp="2020-08-28T14:24:50" hostname="localhost" time="4.394" errors="0" tests="3" skipped="0" disabled="0" failures="0">
  <testcase classname="Cotización M4Nodejs Pila Suite" name="Should create an instance" time="0.002" />
  <testcase classname="Cotización M4Nodejs Pila Suite" name="Should do logon" time="0.363" />
  <testcase classname="Cotización M4Nodejs Pila Suite" name="TipoCotizante NOT 23 for Planilla-E" time="3.839" />
 </testsuite>
</testsuites>